-------------------------------------------------------------------------------
Test set: TestSuite
-------------------------------------------------------------------------------
Tests run: 6, Failures: 2, Errors: 0, Skipped: 0, Time elapsed: 3.511 s <<< FAILURE! - in TestSuite
RunnerClass.Runner.runScenario  Time elapsed: 0.776 s  <<< FAILURE!
java.lang.AssertionError: null

RunnerClass.Runner.scenario  Time elapsed: 0.566 s  <<< FAILURE!
java.lang.AssertionError: null

