<?xml version="1.0" encoding="UTF-8"?>
<testsuite xmlns:xsi="http://www.w3.org/2001/XMLSchema-instance" xsi:noNamespaceSchemaLocation="https://maven.apache.org/surefire/maven-surefire-plugin/xsd/surefire-test-report-3.0.xsd" version="3.0" name="TestSuite" time="3.511" tests="6" errors="0" skipped="0" failures="2">
  <properties>
[...]
</properties>
  <testcase name="runScenario" classname="RunnerClass.Runner" time="0.692"/>
  <testcase name="runScenario" classname="RunnerClass.Runner" time="0.769"/>
  <testcase name="runScenario" classname="RunnerClass.Runner" time="0.776">
    <failure message="null" type="java.lang.AssertionError"><![CDATA[java.lang.AssertionError: null
]]></failure>
  </testcase>
  <testcase name="scenario" classname="RunnerClass.Runner" time="0.058"/>
  <testcase name="scenario" classname="RunnerClass.Runner" time="0.088"/>
  <testcase name="scenario" classname="RunnerClass.Runner" time="0.566">
    <failure message="null" type="java.lang.AssertionError"><![CDATA[java.lang.AssertionError: null
]]></failure>
    <system-out><![CDATA[
Scenario: Free Crm Loginn Test Scenario    # src/main/java/Features/Test123.feature:3
user is already in the login page
  Given user is already in the login page  # Definition.Test123.userIsAlreadyInTheLoginPage()
      java.lang.AssertionError: null
	at org.testng.Assert.fail(Assert.java:96)
	at org.testng.Assert.fail(Assert.java:103)
	at Definition.Test123.userIsAlreadyInTheLoginPage(Test123.java:16)
	at ?.user is already in the login page(file:///E:/NoticeperiodSelenium/cucumberreports/src/main/java/Features/Test123.feature:4)

  Then title of the lgin page is free CRmm # Definition.Test123.titleOfTheLoginPageIsFreeCRmm()
  Then user enter username and password    # Definition.Test123.userEnterUsernameAndPassword()
  Then user click on login button          # Definition.Test123.userClickOnLoginButton()
  And User is home page                    # Definition.Test123.userIsHomePage()
]]></system-out>
  </testcase>
</testsuite>